<?xml version="1.0" encoding="UTF-8"?>
<testng-results ignored="0" total="1" passed="1" failed="0" skipped="0">
  <reporter-output>
    <line>
      <![CDATA[Hello Jenkins]]>
    </line>
    <line>
      <![CDATA[Hello Integrations]]>
    </line>
  </reporter-output>
  <suite started-at="2021-05-06T18:35:52Z" name="Default suite" finished-at="2021-05-06T18:35:52Z" duration-ms="30">
    <groups>
    </groups>
    <test started-at="2021-05-06T18:35:52Z" name="Default test" finished-at="2021-05-06T18:35:52Z" duration-ms="30">
      <class name="demo.DemoTest">
        <test-method signature="demo()[pri:0, instance:demo.DemoTest@7d20d0b]" started-at="2021-05-06T18:35:52Z" name="demo" finished-at="2021-05-06T18:35:52Z" duration-ms="9" status="PASS">
          <reporter-output>
            <line>
              <![CDATA[Hello Jenkins]]>
            </line>
            <line>
              <![CDATA[Hello Integrations]]>
            </line>
          </reporter-output>
        </test-method> <!-- demo -->
      </class> <!-- demo.DemoTest -->
    </test> <!-- Default test -->
  </suite> <!-- Default suite -->
</testng-results>
