<?xml version="1.0" encoding="UTF-8"?>
<testng-results ignored="0" total="1" passed="1" failed="0" skipped="0">
  <reporter-output>
    <line>
      <![CDATA[Welcome page is displayed]]>
    </line>
    <line>
      <![CDATA[Welcome page is maximized]]>
    </line>
  </reporter-output>
  <suite started-at="2021-05-06T19:00:23Z" name="Default suite" finished-at="2021-05-06T19:00:28Z" duration-ms="5297">
    <groups>
    </groups>
    <test started-at="2021-05-06T19:00:23Z" name="Default test" finished-at="2021-05-06T19:00:28Z" duration-ms="5297">
      <class name="demo.DemoTest1">
        <test-method is-config="true" signature="demo()[pri:0, instance:demo.DemoTest1@17f7cd29]" started-at="2021-05-06T19:00:23Z" name="demo" finished-at="2021-05-06T19:00:25Z" duration-ms="2001" status="PASS">
          <reporter-output>
          </reporter-output>
        </test-method> <!-- demo -->
        <test-method signature="setup()[pri:0, instance:demo.DemoTest1@17f7cd29]" started-at="2021-05-06T19:00:25Z" name="setup" finished-at="2021-05-06T19:00:28Z" duration-ms="2941" status="PASS">
          <reporter-output>
            <line>
              <![CDATA[Welcome page is displayed]]>
            </line>
            <line>
              <![CDATA[Welcome page is maximized]]>
            </line>
          </reporter-output>
        </test-method> <!-- setup -->
        <test-method is-config="true" signature="close()[pri:0, instance:demo.DemoTest1@17f7cd29]" started-at="2021-05-06T19:00:28Z" name="close" finished-at="2021-05-06T19:00:28Z" duration-ms="332" status="PASS">
          <reporter-output>
          </reporter-output>
        </test-method> <!-- close -->
      </class> <!-- demo.DemoTest1 -->
    </test> <!-- Default test -->
  </suite> <!-- Default suite -->
</testng-results>
